<?xml version="1.0" encoding="UTF-8"?>
<!-- Generated by org.testng.reporters.JUnitReportReporter -->
<testsuite hostname="WKS60013" name="day2.SequenceAndPrioritize" tests="4" failures="0" timestamp="15 Jun 2019 07:19:13 GMT" time="0.026" errors="0">
  <testcase name="Registration" time="0.001" classname="day2.SequenceAndPrioritize"/>
  <testcase name="Login" time="0.011" classname="day2.SequenceAndPrioritize"/>
  <testcase name="Three" time="0.003" classname="day2.SequenceAndPrioritize"/>
  <testcase name="Four" time="0.011" classname="day2.SequenceAndPrioritize"/>
</testsuite> <!-- day2.SequenceAndPrioritize -->
