<?xml version="1.0" encoding="UTF-8"?>
<!-- Generated by org.testng.reporters.JUnitReportReporter -->
<testsuite hostname="WKS60013" name="day_1.TestCases" tests="1" failures="0" timestamp="15 Jun 2019 07:03:44 GMT" time="11.280" errors="0">
  <testcase name="testSwitchWindowsFunctionality" time="11.280" classname="day_1.TestCases"/>
</testsuite> <!-- day_1.TestCases -->
