<?xml version="1.0" encoding="UTF-8"?>
<!-- Generated by org.testng.reporters.JUnitReportReporter -->
<testsuite hostname="WKS60013" name="day2.TestNGSequence" tests="2" failures="0" timestamp="15 Jun 2019 07:03:44 GMT" time="0.006" errors="0">
  <testcase name="testCase1" time="0.004" classname="day2.TestNGSequence"/>
  <testcase name="testCase2" time="0.002" classname="day2.TestNGSequence"/>
</testsuite> <!-- day2.TestNGSequence -->
