<?xml version="1.0" encoding="UTF-8"?>
<!-- Generated by org.testng.reporters.JUnitReportReporter -->
<testsuite skipped="0" hostname="WKS60013" name="NewTest" tests="2" failures="0" timestamp="14 Jun 2019 10:23:33 GMT" time="0.007" errors="0">
  <testcase name="f" time="0.006" classname="NewTest"/>
  <testcase name="f" time="0.001" classname="NewTest"/>
</testsuite> <!-- NewTest -->
